Invoked as: ./configure --prefix=/root/sqlite_exp/sqlite-autoconf-3500400/inst "CFLAGS=-O0 -g3" "CXXFLAGS=-O0 -g3"
Tclsh: /root/sqlite_exp/sqlite-autoconf-3500400/jimsh0
Failed: cc -c -O0 -g3 conftest__.c -o conftest__.o
conftest__.c: In function 'main':
conftest__.c:3:12: error: size of array '_x' is negative
    3 | static int _x[sizeof(off_t) == 4 ? 1 : -1] = { 1 };
      |            ^~
============
The failed code was:
#include <sys/types.h>
int main(void) {
static int _x[sizeof(off_t) == 4 ? 1 : -1] = { 1 };
return 0;
}
============
Failed: cc -O0 -g3 conftest__.c -o conftest__
/usr/bin/ld: /tmp/ccARm0NJ.o: in function `main':
/root/sqlite_exp/sqlite-autoconf-3500400/conftest__.c:3:(.text+0x8): undefined reference to `localtime_s'
collect2: error: ld returned 1 exit status
============
The failed code was:
extern void localtime_s(void);
int main(void) {
localtime_s();
return 0;
}
============
Failed: cc -c -O0 -g3 conftest__.c -o conftest__.o
conftest__.c:1:10: fatal error: zlib.h: No such file or directory
    1 | #include <zlib.h>
      |          ^~~~~~~~
compilation terminated.
============
The failed code was:
#include <zlib.h>
int main(void) {

return 0;
}
============
Failed: cc -rpath /root/sqlite_exp/sqlite-autoconf-3500400/inst/lib -O0 -g3 conftest__.c -o conftest__
cc: error: unrecognized command-line option '-rpath'
============
The failed code was:
int main(void) {

return 0;
}
============
Failed: cc -O0 -g3 conftest__.c -o conftest__
conftest__.c:1:13: warning: conflicting types for built-in function 'ceil'; expected 'double(double)' [-Wbuiltin-declaration-mismatch]
    1 | extern void ceil(void);
      |             ^~~~
conftest__.c:1:1: note: 'ceil' is declared in header '<math.h>'
  +++ |+#include <math.h>
    1 | extern void ceil(void);
/usr/bin/ld: /tmp/ccH1cwGY.o: in function `main':
/root/sqlite_exp/sqlite-autoconf-3500400/conftest__.c:3:(.text+0x8): undefined reference to `ceil'
collect2: error: ld returned 1 exit status
============
The failed code was:
extern void ceil(void);
int main(void) {
ceil();
return 0;
}
============
